======================
==> dynacell: Welcome!
======================

SVN revision-nr: 606
Starting time: Fri May 28 15:54:26 2021
Command line was: ./dynacell.64bit input.md

==========================================
Input file:
 AGBNPparaFile  md/AGBNP2.dat
 SCOptCoupleAlphas  yes
 SCautomaticFrequency  yes
 SCinitialAlphaLJ  -1.0
 SCinitialAlphaQ  -1.0
 SCnbRegion  ligandIntAct
 SCprogression  optimize
 SCprogressionPots  LJ_Q
 VcomRemoval  100
 backboneFile  md/backboneNames.dat
 constraints  shake
 constraintsType  Hbonds
 dc_modus  md
 frictionCoefficient  0.5
 langevin  yes
 ligandpdbfile  md/lig.pdb
 ligandtopologyfile  ligand.top
 nrStepsAfterSCisDone  40000
 nrsteps  60000
 outputfile  md/md.log.out
 outwrite  400
 pdbfile  protein.pdb
 randomseed  1234567
 resetOutWritesAfterSCisDone  yes
 restartfileout  md/restart.out
 restraintAtomsInner  none
 restraintAtomsOuter  backbone
 restraintForceconstOuter  1000.0
 restraintRegionLigandRadius  1.2
 solvent  AGBNP2
 solventDielectricConst  80.0
 solventScaling  excludeLig
 solventScalingAlphaLow  0.0
 solventScalingAlphaUp  0.0
 temperature  300
 timestep  0.001
 topologyfile  protein.top
 trajectoryfile  md/traj.out.dcd
 trajwrite  400
 useChargeGroups  no
==========================================

=============================================================================================================================================================================================================================================================================
Starting MD
 Energies at each step in kJ/mol, temperature in K, softcore parameters without unit
          Step   bond           angle          torsion        improper       lj             coulomb        pairLJ         pairCoulomb    restraint      solvent        potential      kinetic        total          temperature    alphalj        alphaq         alphators
 MDSTEP      0   2.589681e+03   6.629826e+03   1.117239e+04   3.879320e+02  -6.931333e+03  -6.416492e+04   3.375417e+03   3.717204e+04   1.159614e-06  -1.007772e+04  -1.984670e+04   1.093420e+04  -8.912504e+03   3.037160e+02   9.080000e-01   9.080000e-01   0.000000e+00
 MDSTEP    400   2.797022e+03   7.065243e+03   1.122068e+04   4.389664e+02  -6.906203e+03  -6.422136e+04   3.268194e+03   3.674123e+04   2.914158e+02  -1.044768e+04  -1.975249e+04   1.102954e+04  -8.722954e+03   3.063642e+02   9.080000e-01   9.080000e-01   0.000000e+00
 MDSTEP    800   2.795841e+03   6.933765e+03   1.129133e+04   4.733458e+02  -6.779038e+03  -6.421927e+04   3.265473e+03   3.688107e+04   2.835437e+02  -1.056783e+04  -1.964178e+04   1.087517e+04  -8.766601e+03   3.020766e+02   9.080000e-01   9.080000e-01   0.000000e+00
 -------------------------------------------------------------------------
 Starting softcore optimization at step 1085
 Optimization converged after 3 step(s)
 Final energy difference: 7.985401e-02 kJ/mol
 Final alpha parameters (lj,q,tor): 9.400000e-01 9.400000e-01 0.000000e+00
 -------------------------------------------------------------------------
 MDSTEP   1200   2.776163e+03   7.126584e+03   1.138200e+04   4.502778e+02  -6.859169e+03  -6.471532e+04   3.255858e+03   3.694349e+04   2.936211e+02  -1.047920e+04  -1.982569e+04   1.108925e+04  -8.736437e+03   3.080229e+02   9.080000e-01   9.080000e-01   0.000000e+00
 MDSTEP   1600   2.703593e+03   7.020488e+03   1.122181e+04   4.107842e+02  -6.792072e+03  -6.462295e+04   3.326080e+03   3.679672e+04   2.898479e+02  -1.023514e+04  -1.988084e+04   1.100284e+04  -8.877994e+03   3.056228e+02   9.080000e-01   9.080000e-01   0.000000e+00
 -------------------------------------------------------------------------
 Starting softcore optimization at step 1825
 Optimization converged after 2 step(s)
 Final energy difference: 0.000000e+00 kJ/mol
 Final alpha parameters (lj,q,tor): 1.000000e+00 1.000000e+00 0.000000e+00
 -------------------------------------------------------------------------
 MDSTEP   2000   2.696605e+03   6.968765e+03   1.131311e+04   4.394779e+02  -6.865652e+03  -6.460551e+04   3.208228e+03   3.684228e+04   2.887132e+02  -1.033619e+04  -2.005017e+04   1.081743e+04  -9.232741e+03   3.004727e+02   9.080000e-01   9.080000e-01   0.000000e+00
 MDSTEP   2400   2.788458e+03   6.879931e+03   1.126442e+04   4.434210e+02  -6.883009e+03  -6.402109e+04   3.207110e+03   3.664150e+04   3.147929e+02  -1.064544e+04  -2.000990e+04   1.072428e+04  -9.285620e+03   2.978852e+02   9.080000e-01   9.080000e-01   0.000000e+00
 MDSTEP   2800   2.606459e+03   6.857897e+03   1.124923e+04   4.464280e+02  -6.981190e+03  -6.440090e+04   3.224808e+03   3.673681e+04   2.885531e+02  -1.032594e+04  -2.029784e+04   1.096345e+04  -9.334389e+03   3.045287e+02   9.080000e-01   9.080000e-01   0.000000e+00
 -------------------------------------------------------------------------
 Starting softcore optimization at step 2839
 Optimization converged after 2 step(s)
 Final energy difference: 0.000000e+00 kJ/mol
 Final alpha parameters (lj,q,tor): 1.000000e+00 1.000000e+00 0.000000e+00
 -------------------------------------------------------------------------
 MDSTEP   3200   2.516607e+03   6.986567e+03   1.118860e+04   4.426576e+02  -6.910802e+03  -6.482542e+04   3.265002e+03   3.701577e+04   2.996433e+02  -1.020000e+04  -2.022138e+04   1.095205e+04  -9.269326e+03   3.042120e+02   9.080000e-01   9.080000e-01   0.000000e+00
 -------------------------------------------------------------------------
 Starting softcore optimization at step 3439
 Optimization converged after 7 step(s)
 Final energy difference: 7.175655e-05 kJ/mol
 Final alpha parameters (lj,q,tor): 9.790000e-01 9.790000e-01 0.000000e+00
 -------------------------------------------------------------------------
 MDSTEP   3600   2.676778e+03   6.908012e+03   1.122038e+04   4.057137e+02  -6.813965e+03  -6.450015e+04   3.248010e+03   3.678335e+04   3.051870e+02  -1.042407e+04  -2.019075e+04   1.094387e+04  -9.246887e+03   3.039846e+02   9.080000e-01   9.080000e-01   0.000000e+00
 MDSTEP   4000   2.714179e+03   7.168518e+03   1.124508e+04   4.067066e+02  -6.792625e+03  -6.482214e+04   3.286963e+03   3.674568e+04   3.050668e+02  -1.017917e+04  -1.992174e+04   1.083783e+04  -9.083914e+03   3.010392e+02   9.080000e-01   9.080000e-01   0.000000e+00
 -------------------------------------------------------------------------
 Starting softcore optimization at step 4039
 Optimization converged after 5 step(s)
 Final energy difference: 1.523192e-02 kJ/mol
 Final alpha parameters (lj,q,tor): 8.230000e-01 8.230000e-01 0.000000e+00
 -------------------------------------------------------------------------
 MDSTEP   4400   2.726570e+03   6.858028e+03   1.129270e+04   4.464679e+02  -6.806341e+03  -6.480812e+04   3.306971e+03   3.685252e+04   3.248402e+02  -1.027240e+04  -2.007876e+04   1.094354e+04  -9.135217e+03   3.039757e+02   8.230000e-01   8.230000e-01   0.000000e+00
 -------------------------------------------------------------------------
 Starting softcore optimization at step 4639
 Optimization converged after 6 step(s)
 Final energy difference: 4.566837e-03 kJ/mol
 Final alpha parameters (lj,q,tor): 7.805000e-01 7.805000e-01 0.000000e+00
 -------------------------------------------------------------------------
 MDSTEP   4800   2.719580e+03   6.954878e+03   1.131568e+04   4.138165e+02  -6.847685e+03  -6.485269e+04   3.338726e+03   3.704673e+04   3.274659e+02  -1.031194e+04  -1.989544e+04   1.089865e+04  -8.996790e+03   3.027286e+02   7.805000e-01   7.805000e-01   0.000000e+00
 MDSTEP   5200   2.819972e+03   7.016081e+03   1.126657e+04   4.105036e+02  -6.982942e+03  -6.485951e+04   3.292708e+03   3.679526e+04   3.144387e+02  -1.011548e+04  -2.004239e+04   1.108139e+04  -8.960999e+03   3.078046e+02   7.805000e-01   7.805000e-01   0.000000e+00
 -------------------------------------------------------------------------
 Starting softcore optimization at step 5239
 Optimization converged after 8 step(s)
 Final energy difference: 2.396694e-02 kJ/mol
 Final alpha parameters (lj,q,tor): 4.057000e-01 4.057000e-01 0.000000e+00
 -------------------------------------------------------------------------
 MDSTEP   5600   2.760257e+03   7.198362e+03   1.122169e+04   4.860929e+02  -6.900675e+03  -6.473474e+04   3.261292e+03   3.665089e+04   3.071703e+02  -1.014754e+04  -1.989720e+04   1.082602e+04  -9.071174e+03   3.007113e+02   4.057000e-01   4.057000e-01   0.000000e+00
 MDSTEP   6000   2.844234e+03   6.923243e+03   1.130186e+04   4.014603e+02  -6.865706e+03  -6.507671e+04   3.257289e+03   3.673281e+04   3.400807e+02  -1.004067e+04  -2.018211e+04   1.112985e+04  -9.052252e+03   3.091508e+02   4.057000e-01   4.057000e-01   0.000000e+00
 -------------------------------------------------------------------------
 Starting softcore optimization at step 6018
 Optimization converged after 5 step(s)
 Final energy difference: 0.000000e+00 kJ/mol
 Final alpha parameters (lj,q,tor): 0.000000e+00 0.000000e+00 0.000000e+00
 -------------------------------------------------------------------------
 Softcore parameters have reached zero; stopping MD after 40000 step(s)
 -------------------------------------------------------------------------
 MDSTEP   6018   2.805263e+03   7.022556e+03   1.133396e+04   4.985587e+02  -6.954855e+03  -6.514952e+04   3.281720e+03   3.664536e+04   3.400195e+02  -1.001204e+04  -2.018898e+04   1.109029e+04  -9.098690e+03   3.080517e+02   0.000000e+00   0.000000e+00   0.000000e+00
 MDSTEP   6418   2.600195e+03   7.138424e+03   1.120206e+04   4.815173e+02  -6.885033e+03  -6.483011e+04   3.329760e+03   3.680274e+04   2.961503e+02  -1.022116e+04  -2.008546e+04   1.121884e+04  -8.866626e+03   3.116224e+02   0.000000e+00   0.000000e+00   0.000000e+00
 MDSTEP   6818   2.718765e+03   6.917782e+03   1.111650e+04   4.009692e+02  -6.919283e+03  -6.459591e+04   3.327806e+03   3.670518e+04   3.327095e+02  -1.015227e+04  -2.014776e+04   1.107976e+04  -9.067998e+03   3.077593e+02   0.000000e+00   0.000000e+00   0.000000e+00
 MDSTEP   7218   2.741526e+03   7.099285e+03   1.125465e+04   4.839435e+02  -6.936442e+03  -6.550019e+04   3.267691e+03   3.686577e+04   2.906877e+02  -9.687101e+03  -2.012017e+04   1.079642e+04  -9.323749e+03   2.998891e+02   0.000000e+00   0.000000e+00   0.000000e+00
 MDSTEP   7618   2.734178e+03   6.984280e+03   1.123671e+04   4.006506e+02  -7.045949e+03  -6.523255e+04   3.232748e+03   3.699425e+04   2.946725e+02  -9.917197e+03  -2.031820e+04   1.095524e+04  -9.362962e+03   3.043006e+02   0.000000e+00   0.000000e+00   0.000000e+00
 MDSTEP   8018   2.538928e+03   6.777522e+03   1.135194e+04   4.093493e+02  -6.948089e+03  -6.505524e+04   3.367806e+03   3.675886e+04   3.086869e+02  -1.000952e+04  -2.049975e+04   1.082738e+04  -9.672368e+03   3.007491e+02   0.000000e+00   0.000000e+00   0.000000e+00
 MDSTEP   8418   2.662481e+03   7.064737e+03   1.120066e+04   4.402574e+02  -7.012078e+03  -6.504208e+04   3.301046e+03   3.687915e+04   3.260896e+02  -1.001807e+04  -2.019781e+04   1.071854e+04  -9.479271e+03   2.977259e+02   0.000000e+00   0.000000e+00   0.000000e+00
 MDSTEP   8818   2.610081e+03   7.215553e+03   1.122048e+04   4.532840e+02  -6.996908e+03  -6.522127e+04   3.281362e+03   3.676564e+04   3.526098e+02  -9.878750e+03  -2.019792e+04   1.098913e+04  -9.208794e+03   3.052417e+02   0.000000e+00   0.000000e+00   0.000000e+00
 MDSTEP   9218   2.755488e+03   6.842512e+03   1.126115e+04   4.468243e+02  -7.185437e+03  -6.513334e+04   3.303864e+03   3.674019e+04   3.019942e+02  -9.735690e+03  -2.040245e+04   1.113098e+04  -9.271475e+03   3.091819e+02   0.000000e+00   0.000000e+00   0.000000e+00
 MDSTEP   9618   2.626295e+03   6.935618e+03   1.121206e+04   3.791322e+02  -7.122259e+03  -6.510580e+04   3.316550e+03   3.698748e+04   3.208065e+02  -9.860805e+03  -2.031092e+04   1.099115e+04  -9.319763e+03   3.052981e+02   0.000000e+00   0.000000e+00   0.000000e+00
 MDSTEP  10018   2.787050e+03   6.932998e+03   1.114068e+04   4.496770e+02  -6.873281e+03  -6.540314e+04   3.270960e+03   3.688573e+04   3.602521e+02  -9.686082e+03  -2.013516e+04   1.069648e+04  -9.438685e+03   2.971129e+02   0.000000e+00   0.000000e+00   0.000000e+00
 MDSTEP  10418   2.722257e+03   7.001571e+03   1.121233e+04   4.371298e+02  -6.918838e+03  -6.514872e+04   3.267500e+03   3.691096e+04   2.916208e+02  -9.960349e+03  -2.018454e+04   1.071016e+04  -9.474384e+03   2.974930e+02   0.000000e+00   0.000000e+00   0.000000e+00
 MDSTEP  10818   2.792953e+03   6.820914e+03   1.135638e+04   4.102458e+02  -7.007764e+03  -6.529223e+04   3.265359e+03   3.684784e+04   3.182412e+02  -9.825618e+03  -2.031367e+04   1.088674e+04  -9.426928e+03   3.023980e+02   0.000000e+00   0.000000e+00   0.000000e+00
 MDSTEP  11218   2.733677e+03   6.858511e+03   1.125166e+04   4.228531e+02  -7.105757e+03  -6.519245e+04   3.355272e+03   3.681429e+04   2.947482e+02  -9.904720e+03  -2.047192e+04   1.105587e+04  -9.416044e+03   3.070958e+02   0.000000e+00   0.000000e+00   0.000000e+00
 MDSTEP  11618   2.659832e+03   6.982785e+03   1.125762e+04   4.551833e+02  -6.965625e+03  -6.561459e+04   3.361069e+03   3.700338e+04   3.373167e+02  -9.561858e+03  -2.008489e+04   1.082811e+04  -9.256784e+03   3.007691e+02   0.000000e+00   0.000000e+00   0.000000e+00
 MDSTEP  12018   2.641512e+03   7.003289e+03   1.127975e+04   4.487026e+02  -6.955391e+03  -6.502333e+04   3.256070e+03   3.654212e+04   3.144363e+02  -9.767332e+03  -2.026017e+04   1.080835e+04  -9.451816e+03   3.002205e+02   0.000000e+00   0.000000e+00   0.000000e+00
 MDSTEP  12418   2.681444e+03   6.912625e+03   1.126405e+04   3.834239e+02  -7.080744e+03  -6.493401e+04   3.252301e+03   3.675516e+04   2.626061e+02  -9.902918e+03  -2.040607e+04   1.088800e+04  -9.518065e+03   3.024329e+02   0.000000e+00   0.000000e+00   0.000000e+00
 MDSTEP  12818   2.642374e+03   6.868617e+03   1.129075e+04   4.155268e+02  -7.020869e+03  -6.488198e+04   3.245315e+03   3.668820e+04   3.311717e+02  -9.968589e+03  -2.038948e+04   1.093470e+04  -9.454780e+03   3.037301e+02   0.000000e+00   0.000000e+00   0.000000e+00
 MDSTEP  13218   2.658276e+03   6.782884e+03   1.133523e+04   4.836434e+02  -6.841715e+03  -6.501865e+04   3.217814e+03   3.679008e+04   2.864605e+02  -1.013257e+04  -2.043855e+04   1.095139e+04  -9.487167e+03   3.041935e+02   0.000000e+00   0.000000e+00   0.000000e+00
 MDSTEP  13618   2.681862e+03   6.942586e+03   1.129737e+04   4.181892e+02  -6.930632e+03  -6.492487e+04   3.230298e+03   3.668114e+04   3.069411e+02  -1.007903e+04  -2.037614e+04   1.102461e+04  -9.351528e+03   3.062275e+02   0.000000e+00   0.000000e+00   0.000000e+00
 MDSTEP  14018   2.664833e+03   7.110238e+03   1.126206e+04   4.358185e+02  -7.073137e+03  -6.516305e+04   3.349495e+03   3.670522e+04   3.087266e+02  -9.882219e+03  -2.028201e+04   1.079368e+04  -9.488322e+03   2.998131e+02   0.000000e+00   0.000000e+00   0.000000e+00
 MDSTEP  14418   2.723156e+03   7.042269e+03   1.132982e+04   4.341709e+02  -7.019940e+03  -6.516844e+04   3.264742e+03   3.672887e+04   2.723372e+02  -9.735008e+03  -2.012802e+04   1.073646e+04  -9.391557e+03   2.982236e+02   0.000000e+00   0.000000e+00   0.000000e+00
 MDSTEP  14818   2.740187e+03   6.777071e+03   1.129504e+04   4.229361e+02  -7.119592e+03  -6.492776e+04   3.257762e+03   3.685033e+04   2.747668e+02  -1.003163e+04  -2.046089e+04   1.086880e+04  -9.592090e+03   3.018996e+02   0.000000e+00   0.000000e+00   0.000000e+00
 MDSTEP  15218   2.781960e+03   6.832720e+03   1.125872e+04   4.811943e+02  -6.952078e+03  -6.502704e+04   3.270716e+03   3.685137e+04   2.775093e+02  -1.004528e+04  -2.027021e+04   1.086950e+04  -9.400708e+03   3.019191e+02   0.000000e+00   0.000000e+00   0.000000e+00
 MDSTEP  15618   2.821553e+03   6.971493e+03   1.127571e+04   4.387683e+02  -6.814382e+03  -6.511112e+04   3.247097e+03   3.683530e+04   2.694913e+02  -1.000526e+04  -2.007135e+04   1.104319e+04  -9.028169e+03   3.067434e+02   0.000000e+00   0.000000e+00   0.000000e+00
 MDSTEP  16018   2.662357e+03   7.061616e+03   1.126666e+04   4.466246e+02  -6.981988e+03  -6.522604e+04   3.328637e+03   3.689083e+04   2.670088e+02  -9.840587e+03  -2.012488e+04   1.094519e+04  -9.179691e+03   3.040213e+02   0.000000e+00   0.000000e+00   0.000000e+00
 MDSTEP  16418   2.649934e+03   6.969575e+03   1.122185e+04   4.126211e+02  -6.985032e+03  -6.541093e+04   3.339002e+03   3.713216e+04   3.180531e+02  -9.868554e+03  -2.022132e+04   1.101519e+04  -9.206129e+03   3.059657e+02   0.000000e+00   0.000000e+00   0.000000e+00
 MDSTEP  16818   2.601195e+03   7.093233e+03   1.118024e+04   4.070155e+02  -7.042599e+03  -6.540659e+04   3.331856e+03   3.689380e+04   3.170225e+02  -9.852791e+03  -2.047762e+04   1.113676e+04  -9.340857e+03   3.093426e+02   0.000000e+00   0.000000e+00   0.000000e+00
 MDSTEP  17218   2.672503e+03   7.027513e+03   1.114467e+04   4.187110e+02  -7.034281e+03  -6.505337e+04   3.294174e+03   3.674721e+04   3.001624e+02  -9.934341e+03  -2.041706e+04   1.088699e+04  -9.530065e+03   3.024049e+02   0.000000e+00   0.000000e+00   0.000000e+00
 MDSTEP  17618   2.650076e+03   7.100822e+03   1.128549e+04   4.213205e+02  -7.098973e+03  -6.500809e+04   3.213731e+03   3.659332e+04   2.911144e+02  -9.767035e+03  -2.031823e+04   1.077930e+04  -9.538924e+03   2.994136e+02   0.000000e+00   0.000000e+00   0.000000e+00
 MDSTEP  18018   2.742998e+03   7.005090e+03   1.120386e+04   4.192962e+02  -6.889438e+03  -6.532701e+04   3.246484e+03   3.688682e+04   2.613069e+02  -9.851702e+03  -2.030230e+04   1.103652e+04  -9.265781e+03   3.065581e+02   0.000000e+00   0.000000e+00   0.000000e+00
 MDSTEP  18418   2.724054e+03   7.119344e+03   1.128089e+04   4.443138e+02  -6.952416e+03  -6.562198e+04   3.287964e+03   3.687977e+04   2.936164e+02  -9.723789e+03  -2.026823e+04   1.099263e+04  -9.275607e+03   3.053390e+02   0.000000e+00   0.000000e+00   0.000000e+00
 MDSTEP  18818   2.801382e+03   6.975292e+03   1.120100e+04   3.924456e+02  -6.933663e+03  -6.545452e+04   3.237485e+03   3.673731e+04   2.839650e+02  -9.622205e+03  -2.038150e+04   1.089336e+04  -9.488149e+03   3.025816e+02   0.000000e+00   0.000000e+00   0.000000e+00
 MDSTEP  19218   2.659720e+03   7.166493e+03   1.115887e+04   4.190080e+02  -7.101105e+03  -6.499071e+04   3.271910e+03   3.669747e+04   2.885329e+02  -9.805618e+03  -2.023543e+04   1.080561e+04  -9.429820e+03   3.001443e+02   0.000000e+00   0.000000e+00   0.000000e+00
 MDSTEP  19618   2.698830e+03   7.032061e+03   1.124554e+04   4.400342e+02  -6.934404e+03  -6.535193e+04   3.295911e+03   3.673834e+04   3.026082e+02  -9.772361e+03  -2.030537e+04   1.079173e+04  -9.513645e+03   2.997587e+02   0.000000e+00   0.000000e+00   0.000000e+00
 MDSTEP  20018   2.678370e+03   6.787659e+03   1.124311e+04   4.886571e+02  -6.904413e+03  -6.545130e+04   3.271417e+03   3.691861e+04   2.946922e+02  -9.760268e+03  -2.043346e+04   1.092246e+04  -9.511006e+03   3.033900e+02   0.000000e+00   0.000000e+00   0.000000e+00
 MDSTEP  20418   2.726185e+03   6.999615e+03   1.110989e+04   4.297700e+02  -6.947153e+03  -6.558564e+04   3.362679e+03   3.686368e+04   3.125122e+02  -9.661164e+03  -2.038962e+04   1.083837e+04  -9.551242e+03   3.010544e+02   0.000000e+00   0.000000e+00   0.000000e+00
 MDSTEP  20818   2.914884e+03   6.844640e+03   1.118488e+04   4.784764e+02  -6.904020e+03  -6.531447e+04   3.269861e+03   3.663488e+04   2.825402e+02  -9.775725e+03  -2.038406e+04   1.084020e+04  -9.543860e+03   3.011052e+02   0.000000e+00   0.000000e+00   0.000000e+00
 MDSTEP  21218   2.730246e+03   6.970317e+03   1.121730e+04   4.165739e+02  -7.032172e+03  -6.522102e+04   3.274578e+03   3.669889e+04   2.861522e+02  -9.708070e+03  -2.036720e+04   1.074063e+04  -9.626573e+03   2.983394e+02   0.000000e+00   0.000000e+00   0.000000e+00
 MDSTEP  21618   2.568077e+03   6.995417e+03   1.115526e+04   4.364531e+02  -7.024521e+03  -6.508508e+04   3.182489e+03   3.675797e+04   2.630711e+02  -9.890405e+03  -2.064126e+04   1.080747e+04  -9.833793e+03   3.001960e+02   0.000000e+00   0.000000e+00   0.000000e+00
 MDSTEP  22018   2.581366e+03   6.910640e+03   1.118880e+04   4.493503e+02  -6.874447e+03  -6.512288e+04   3.266306e+03   3.672891e+04   2.707945e+02  -1.002290e+04  -2.062406e+04   1.067526e+04  -9.948804e+03   2.965236e+02   0.000000e+00   0.000000e+00   0.000000e+00
 MDSTEP  22418   2.575215e+03   6.954412e+03   1.126122e+04   4.514243e+02  -7.092020e+03  -6.497450e+04   3.221112e+03   3.677286e+04   2.499594e+02  -1.005249e+04  -2.063281e+04   1.076136e+04  -9.871444e+03   2.989152e+02   0.000000e+00   0.000000e+00   0.000000e+00
 MDSTEP  22818   2.656212e+03   6.748513e+03   1.127261e+04   4.408900e+02  -7.027937e+03  -6.547193e+04   3.333136e+03   3.701892e+04   3.039893e+02  -9.747419e+03  -2.047301e+04   1.053831e+04  -9.934698e+03   2.927195e+02   0.000000e+00   0.000000e+00   0.000000e+00
 MDSTEP  23218   2.650736e+03   6.795436e+03   1.120367e+04   4.355889e+02  -6.900589e+03  -6.535397e+04   3.406632e+03   3.691648e+04   3.017130e+02  -9.918906e+03  -2.046320e+04   1.047126e+04  -9.991947e+03   2.908571e+02   0.000000e+00   0.000000e+00   0.000000e+00
 MDSTEP  23618   2.739498e+03   6.717937e+03   1.122100e+04   3.839412e+02  -6.922468e+03  -6.524670e+04   3.287065e+03   3.690011e+04   2.989396e+02  -1.003205e+04  -2.065273e+04   1.059422e+04  -1.005851e+04   2.942726e+02   0.000000e+00   0.000000e+00   0.000000e+00
 MDSTEP  24018   2.657735e+03   6.632210e+03   1.124085e+04   4.684816e+02  -6.989104e+03  -6.508071e+04   3.245936e+03   3.675879e+04   2.846190e+02  -9.893226e+03  -2.067443e+04   1.078591e+04  -9.888513e+03   2.995972e+02   0.000000e+00   0.000000e+00   0.000000e+00
 MDSTEP  24418   2.621290e+03   6.800914e+03   1.124834e+04   4.779227e+02  -7.034132e+03  -6.526024e+04   3.242574e+03   3.682255e+04   3.163245e+02  -9.868274e+03  -2.063273e+04   1.068179e+04  -9.950936e+03   2.967050e+02   0.000000e+00   0.000000e+00   0.000000e+00
 MDSTEP  24818   2.454333e+03   7.094932e+03   1.120500e+04   4.619554e+02  -6.950024e+03  -6.550927e+04   3.305928e+03   3.686454e+04   2.811630e+02  -9.763104e+03  -2.055455e+04   1.079770e+04  -9.756848e+03   2.999246e+02   0.000000e+00   0.000000e+00   0.000000e+00
 MDSTEP  25218   2.521237e+03   6.811026e+03   1.109866e+04   4.201530e+02  -6.913842e+03  -6.545210e+04   3.319006e+03   3.717053e+04   2.792181e+02  -9.778045e+03  -2.052416e+04   1.058082e+04  -9.943336e+03   2.939005e+02   0.000000e+00   0.000000e+00   0.000000e+00
 MDSTEP  25618   2.652942e+03   7.006781e+03   1.112328e+04   4.312618e+02  -7.039112e+03  -6.494815e+04   3.213147e+03   3.658083e+04   3.031431e+02  -9.850016e+03  -2.052589e+04   1.088058e+04  -9.645309e+03   3.022267e+02   0.000000e+00   0.000000e+00   0.000000e+00
 MDSTEP  26018   2.514553e+03   6.924302e+03   1.122113e+04   4.309794e+02  -6.967802e+03  -6.524323e+04   3.316500e+03   3.686261e+04   2.846089e+02  -9.872229e+03  -2.052858e+04   1.083153e+04  -9.697048e+03   3.008644e+02   0.000000e+00   0.000000e+00   0.000000e+00
 MDSTEP  26418   2.479043e+03   6.839882e+03   1.122021e+04   4.514278e+02  -6.945739e+03  -6.535292e+04   3.372616e+03   3.685979e+04   2.937406e+02  -9.681523e+03  -2.046347e+04   1.096933e+04  -9.494148e+03   3.046918e+02   0.000000e+00   0.000000e+00   0.000000e+00
 MDSTEP  26818   2.679007e+03   6.995545e+03   1.114982e+04   4.469842e+02  -7.032977e+03  -6.518981e+04   3.402567e+03   3.703102e+04   2.723724e+02  -9.899855e+03  -2.014533e+04   1.079019e+04  -9.355142e+03   2.997160e+02   0.000000e+00   0.000000e+00   0.000000e+00
 MDSTEP  27218   2.847735e+03   6.946813e+03   1.114503e+04   4.087858e+02  -6.883248e+03  -6.535541e+04   3.178939e+03   3.690743e+04   2.925703e+02  -9.766089e+03  -2.027745e+04   1.073267e+04  -9.544777e+03   2.981182e+02   0.000000e+00   0.000000e+00   0.000000e+00
 MDSTEP  27618   2.695748e+03   6.808475e+03   1.131975e+04   4.175523e+02  -6.922821e+03  -6.514265e+04   3.304585e+03   3.684808e+04   2.930362e+02  -9.946121e+03  -2.032437e+04   1.065673e+04  -9.667635e+03   2.960090e+02   0.000000e+00   0.000000e+00   0.000000e+00
 MDSTEP  28018   2.613856e+03   6.785650e+03   1.115340e+04   4.381013e+02  -6.872052e+03  -6.528381e+04   3.248922e+03   3.673343e+04   3.441020e+02  -9.863070e+03  -2.070147e+04   1.098289e+04  -9.718580e+03   3.050686e+02   0.000000e+00   0.000000e+00   0.000000e+00
 MDSTEP  28418   2.711342e+03   6.930099e+03   1.110881e+04   4.357530e+02  -6.921011e+03  -6.527884e+04   3.309532e+03   3.671221e+04   2.964779e+02  -9.733642e+03  -2.042927e+04   1.093596e+04  -9.493314e+03   3.037649e+02   0.000000e+00   0.000000e+00   0.000000e+00
 MDSTEP  28818   2.693119e+03   7.030350e+03   1.111658e+04   4.737735e+02  -6.871279e+03  -6.562272e+04   3.216661e+03   3.684094e+04   3.314391e+02  -9.662416e+03  -2.045355e+04   1.078864e+04  -9.664907e+03   2.996729e+02   0.000000e+00   0.000000e+00   0.000000e+00
 MDSTEP  29218   2.690489e+03   6.951920e+03   1.118626e+04   4.377864e+02  -6.988960e+03  -6.536809e+04   3.307298e+03   3.683328e+04   2.979015e+02  -9.724269e+03  -2.037638e+04   1.070773e+04  -9.668652e+03   2.974254e+02   0.000000e+00   0.000000e+00   0.000000e+00
 MDSTEP  29618   2.728997e+03   7.007255e+03   1.130046e+04   4.159015e+02  -6.996680e+03  -6.531692e+04   3.291130e+03   3.660539e+04   2.918672e+02  -9.707487e+03  -2.038008e+04   1.068688e+04  -9.693195e+03   2.968465e+02   0.000000e+00   0.000000e+00   0.000000e+00
 MDSTEP  30018   2.714890e+03   6.998367e+03   1.120261e+04   4.694428e+02  -6.951451e+03  -6.518026e+04   3.297455e+03   3.683628e+04   2.842105e+02  -1.002126e+04  -2.034972e+04   1.063002e+04  -9.719701e+03   2.952669e+02   0.000000e+00   0.000000e+00   0.000000e+00
 MDSTEP  30418   2.599375e+03   6.854298e+03   1.119766e+04   4.218580e+02  -6.968996e+03  -6.554756e+04   3.352326e+03   3.726054e+04   2.907822e+02  -9.840010e+03  -2.037974e+04   1.064661e+04  -9.733129e+03   2.957277e+02   0.000000e+00   0.000000e+00   0.000000e+00
 MDSTEP  30818   2.677395e+03   6.942301e+03   1.126055e+04   4.541834e+02  -7.000156e+03  -6.546209e+04   3.314057e+03   3.697173e+04   3.072731e+02  -9.799210e+03  -2.033396e+04   1.061453e+04  -9.719437e+03   2.948366e+02   0.000000e+00   0.000000e+00   0.000000e+00
 MDSTEP  31218   2.653793e+03   6.882838e+03   1.133101e+04   3.955520e+02  -7.034776e+03  -6.522923e+04   3.268886e+03   3.689202e+04   2.958320e+02  -9.838603e+03  -2.038268e+04   1.066865e+04  -9.714029e+03   2.963401e+02   0.000000e+00   0.000000e+00   0.000000e+00
 MDSTEP  31618   2.684894e+03   6.746792e+03   1.114455e+04   4.137657e+02  -6.868712e+03  -6.536958e+04   3.227521e+03   3.687966e+04   2.688443e+02  -9.862077e+03  -2.073434e+04   1.096590e+04  -9.768436e+03   3.045967e+02   0.000000e+00   0.000000e+00   0.000000e+00
 MDSTEP  32018   2.554635e+03   6.968873e+03   1.128494e+04   4.853716e+02  -6.938221e+03  -6.533989e+04   3.238866e+03   3.677741e+04   2.815980e+02  -9.911465e+03  -2.059788e+04   1.099625e+04  -9.601635e+03   3.054396e+02   0.000000e+00   0.000000e+00   0.000000e+00
 MDSTEP  32418   2.623564e+03   6.778509e+03   1.131936e+04   4.726355e+02  -6.872908e+03  -6.515219e+04   3.302920e+03   3.674624e+04   3.007476e+02  -1.004174e+04  -2.052287e+04   1.074074e+04  -9.782127e+03   2.983424e+02   0.000000e+00   0.000000e+00   0.000000e+00
 MDSTEP  32818   2.725061e+03   6.934523e+03   1.116952e+04   4.639699e+02  -6.999605e+03  -6.545483e+04   3.192096e+03   3.706959e+04   2.825758e+02  -9.817773e+03  -2.043487e+04   1.072785e+04  -9.707020e+03   2.979844e+02   0.000000e+00   0.000000e+00   0.000000e+00
 MDSTEP  33218   2.762403e+03   6.836349e+03   1.125937e+04   4.279042e+02  -7.028564e+03  -6.529670e+04   3.247610e+03   3.684547e+04   3.296267e+02  -9.754154e+03  -2.037069e+04   1.082832e+04  -9.542364e+03   3.007752e+02   0.000000e+00   0.000000e+00   0.000000e+00
 MDSTEP  33618   2.645220e+03   6.841248e+03   1.127006e+04   4.605049e+02  -7.066450e+03  -6.504342e+04   3.311779e+03   3.694748e+04   3.230807e+02  -9.989703e+03  -2.030020e+04   1.093947e+04  -9.360727e+03   3.038626e+02   0.000000e+00   0.000000e+00   0.000000e+00
 MDSTEP  34018   2.787055e+03   7.012063e+03   1.121505e+04   4.482871e+02  -7.085664e+03  -6.498479e+04   3.266242e+03   3.677195e+04   2.976463e+02  -9.890445e+03  -2.016261e+04   1.075342e+04  -9.409187e+03   2.986946e+02   0.000000e+00   0.000000e+00   0.000000e+00
 MDSTEP  34418   2.634991e+03   6.881556e+03   1.141173e+04   4.204734e+02  -7.012029e+03  -6.529925e+04   3.311783e+03   3.693906e+04   2.886073e+02  -9.901816e+03  -2.032489e+04   1.089450e+04  -9.430394e+03   3.026134e+02   0.000000e+00   0.000000e+00   0.000000e+00
 MDSTEP  34818   2.637796e+03   7.022407e+03   1.117696e+04   4.107592e+02  -6.936814e+03  -6.495451e+04   3.281359e+03   3.692311e+04   3.123087e+02  -1.015113e+04  -2.027775e+04   1.099112e+04  -9.286629e+03   3.052972e+02   0.000000e+00   0.000000e+00   0.000000e+00
 MDSTEP  35218   2.642826e+03   6.996721e+03   1.122161e+04   4.749655e+02  -6.923125e+03  -6.499533e+04   3.342344e+03   3.667073e+04   3.156139e+02  -1.003292e+04  -2.028655e+04   1.087580e+04  -9.410752e+03   3.020939e+02   0.000000e+00   0.000000e+00   0.000000e+00
 MDSTEP  35618   2.569295e+03   6.884667e+03   1.127437e+04   4.892032e+02  -7.055629e+03  -6.534033e+04   3.330603e+03   3.719294e+04   3.245812e+02  -1.002037e+04  -2.035067e+04   1.093163e+04  -9.419038e+03   3.036446e+02   0.000000e+00   0.000000e+00   0.000000e+00
 MDSTEP  36018   2.617052e+03   6.905432e+03   1.123288e+04   4.670156e+02  -6.989411e+03  -6.522889e+04   3.299365e+03   3.681232e+04   2.937919e+02  -9.816775e+03  -2.040722e+04   1.088492e+04  -9.522303e+03   3.023472e+02   0.000000e+00   0.000000e+00   0.000000e+00
 MDSTEP  36418   2.711273e+03   7.097634e+03   1.125230e+04   3.699408e+02  -6.886215e+03  -6.547318e+04   3.272882e+03   3.666275e+04   3.046416e+02  -9.683667e+03  -2.037165e+04   1.080739e+04  -9.564254e+03   3.001938e+02   0.000000e+00   0.000000e+00   0.000000e+00
 MDSTEP  36818   2.799942e+03   6.968240e+03   1.126531e+04   4.054753e+02  -7.004655e+03  -6.500749e+04   3.245111e+03   3.702774e+04   2.677972e+02  -1.016408e+04  -2.019662e+04   1.091950e+04  -9.277116e+03   3.033079e+02   0.000000e+00   0.000000e+00   0.000000e+00
 MDSTEP  37218   2.688258e+03   6.908351e+03   1.130325e+04   3.945172e+02  -7.067403e+03  -6.516191e+04   3.342533e+03   3.689010e+04   3.009370e+02  -1.007072e+04  -2.047209e+04   1.126086e+04  -9.211233e+03   3.127897e+02   0.000000e+00   0.000000e+00   0.000000e+00
 MDSTEP  37618   2.630110e+03   7.136522e+03   1.125589e+04   4.447676e+02  -6.856818e+03  -6.531114e+04   3.272530e+03   3.683541e+04   3.152534e+02  -1.003856e+04  -2.031602e+04   1.098123e+04  -9.334793e+03   3.050224e+02   0.000000e+00   0.000000e+00   0.000000e+00
 MDSTEP  38018   2.665275e+03   6.996032e+03   1.121949e+04   4.018097e+02  -6.892290e+03  -6.514514e+04   3.227497e+03   3.667448e+04   3.116792e+02  -9.909962e+03  -2.045113e+04   1.096554e+04  -9.485591e+03   3.045866e+02   0.000000e+00   0.000000e+00   0.000000e+00
 MDSTEP  38418   2.691240e+03   6.930681e+03   1.118100e+04   4.098238e+02  -6.781244e+03  -6.510068e+04   3.276021e+03   3.683119e+04   2.836086e+02  -1.012691e+04  -2.040527e+04   1.065649e+04  -9.748788e+03   2.960022e+02   0.000000e+00   0.000000e+00   0.000000e+00
 MDSTEP  38818   2.679774e+03   6.959040e+03   1.126991e+04   4.373041e+02  -7.004954e+03  -6.520619e+04   3.252689e+03   3.670989e+04   3.123149e+02  -9.891322e+03  -2.048155e+04   1.096516e+04  -9.516386e+03   3.045761e+02   0.000000e+00   0.000000e+00   0.000000e+00
 MDSTEP  39218   2.619918e+03   7.040313e+03   1.118855e+04   4.234408e+02  -6.986127e+03  -6.489278e+04   3.266977e+03   3.668801e+04   2.778502e+02  -1.011705e+04  -2.049089e+04   1.103407e+04  -9.456823e+03   3.064902e+02   0.000000e+00   0.000000e+00   0.000000e+00
 MDSTEP  39618   2.611762e+03   7.000657e+03   1.123979e+04   4.555472e+02  -6.869004e+03  -6.478656e+04   3.273206e+03   3.657238e+04   2.947466e+02  -1.010477e+04  -2.031224e+04   1.097298e+04  -9.339262e+03   3.047933e+02   0.000000e+00   0.000000e+00   0.000000e+00
 MDSTEP  40018   2.644295e+03   7.248933e+03   1.121541e+04   4.607525e+02  -7.163707e+03  -6.469250e+04   3.310188e+03   3.655225e+04   2.992658e+02  -1.018110e+04  -2.030622e+04   1.110511e+04  -9.201103e+03   3.084636e+02   0.000000e+00   0.000000e+00   0.000000e+00
 MDSTEP  40418   2.660779e+03   7.178370e+03   1.118321e+04   4.207516e+02  -6.907939e+03  -6.512154e+04   3.250641e+03   3.660292e+04   3.039573e+02  -9.964973e+03  -2.039383e+04   1.108848e+04  -9.305348e+03   3.080014e+02   0.000000e+00   0.000000e+00   0.000000e+00
 MDSTEP  40818   2.769822e+03   7.041429e+03   1.122268e+04   4.005467e+02  -6.851722e+03  -6.519719e+04   3.234251e+03   3.663547e+04   3.005197e+02  -9.917708e+03  -2.036189e+04   1.110411e+04  -9.257779e+03   3.084358e+02   0.000000e+00   0.000000e+00   0.000000e+00
 MDSTEP  41218   2.732525e+03   7.034314e+03   1.118298e+04   4.389180e+02  -7.011327e+03  -6.526667e+04   3.286963e+03   3.701581e+04   3.063325e+02  -9.958825e+03  -2.023898e+04   1.113095e+04  -9.108029e+03   3.091813e+02   0.000000e+00   0.000000e+00   0.000000e+00
 MDSTEP  41618   2.763630e+03   7.135611e+03   1.126776e+04   4.453648e+02  -6.908676e+03  -6.543194e+04   3.238502e+03   3.679233e+04   2.970281e+02  -9.810908e+03  -2.021130e+04   1.098087e+04  -9.230436e+03   3.050124e+02   0.000000e+00   0.000000e+00   0.000000e+00
 MDSTEP  42018   2.801818e+03   7.009794e+03   1.126807e+04   4.364960e+02  -7.013711e+03  -6.518296e+04   3.230988e+03   3.670091e+04   3.474911e+02  -9.867923e+03  -2.026903e+04   1.106083e+04  -9.208199e+03   3.072335e+02   0.000000e+00   0.000000e+00   0.000000e+00
 MDSTEP  42418   2.841776e+03   6.923911e+03   1.119559e+04   4.512439e+02  -6.868626e+03  -6.529642e+04   3.285744e+03   3.687680e+04   2.896230e+02  -1.002572e+04  -2.032607e+04   1.108612e+04  -9.239949e+03   3.079360e+02   0.000000e+00   0.000000e+00   0.000000e+00
 MDSTEP  42818   2.770487e+03   6.990967e+03   1.123004e+04   4.253177e+02  -7.006817e+03  -6.538312e+04   3.316307e+03   3.700264e+04   2.945196e+02  -9.886160e+03  -2.024581e+04   1.118316e+04  -9.062646e+03   3.106315e+02   0.000000e+00   0.000000e+00   0.000000e+00
 MDSTEP  43218   2.727943e+03   7.184673e+03   1.112109e+04   4.257775e+02  -6.946059e+03  -6.488133e+04   3.259230e+03   3.662736e+04   3.133444e+02  -1.002918e+04  -2.019713e+04   1.110019e+04  -9.096941e+03   3.083268e+02   0.000000e+00   0.000000e+00   0.000000e+00
 MDSTEP  43618   2.777757e+03   7.226222e+03   1.114636e+04   4.277108e+02  -7.031717e+03  -6.514339e+04   3.307646e+03   3.685206e+04   2.912481e+02  -9.948050e+03  -2.009415e+04   1.112797e+04  -8.966178e+03   3.090984e+02   0.000000e+00   0.000000e+00   0.000000e+00
 MDSTEP  44018   2.671458e+03   7.196099e+03   1.127915e+04   4.730776e+02  -7.003840e+03  -6.526672e+04   3.335537e+03   3.690826e+04   3.320319e+02  -9.971543e+03  -2.004650e+04   1.102579e+04  -9.020706e+03   3.062603e+02   0.000000e+00   0.000000e+00   0.000000e+00
 MDSTEP  44418   2.584775e+03   6.918940e+03   1.130941e+04   4.608930e+02  -6.897876e+03  -6.543157e+04   3.371553e+03   3.713945e+04   3.165042e+02  -1.005609e+04  -2.028401e+04   1.106698e+04  -9.217031e+03   3.074043e+02   0.000000e+00   0.000000e+00   0.000000e+00
 MDSTEP  44818   2.549333e+03   6.992551e+03   1.110732e+04   4.339653e+02  -7.093171e+03  -6.507307e+04   3.326615e+03   3.684056e+04   3.065014e+02  -1.001099e+04  -2.062039e+04   1.123126e+04  -9.389133e+03   3.119674e+02   0.000000e+00   0.000000e+00   0.000000e+00
 MDSTEP  45218   2.732724e+03   6.827029e+03   1.120029e+04   4.414440e+02  -7.087811e+03  -6.508096e+04   3.303748e+03   3.693187e+04   2.807410e+02  -1.009201e+04  -2.054294e+04   1.089473e+04  -9.648213e+03   3.026198e+02   0.000000e+00   0.000000e+00   0.000000e+00
 MDSTEP  45618   2.704820e+03   6.829869e+03   1.122220e+04   4.553513e+02  -6.994659e+03  -6.547582e+04   3.298463e+03   3.702200e+04   2.775201e+02  -9.830738e+03  -2.049099e+04   1.075824e+04  -9.732754e+03   2.988285e+02   0.000000e+00   0.000000e+00   0.000000e+00
 MDSTEP  46018   2.793802e+03   6.874142e+03   1.131621e+04   3.840237e+02  -6.948578e+03  -6.542440e+04   3.277852e+03   3.690378e+04   3.024834e+02  -9.892473e+03  -2.041316e+04   1.077202e+04  -9.641139e+03   2.992114e+02   0.000000e+00   0.000000e+00   0.000000e+00
MD finished
=============================================================================================================================================================================================================================================================================

Time needed for molecular dynamics: 7.62 h
